Message[310] C:\PROGRAM FILES (X86)\MICROCHIP\MPLABX\V5.35\MPASMX\P16F877A.INC 1061 : Superseding current maximum RAM and RAM map.
Warning[207] F:\PROJECTS\PIC\LCD_LIB.X\LIB.INC 6 : Found label after column 1. (LIB_VARS)
Warning[207] F:\PROJECTS\PIC\LCD_LIB.X\LIB.INC 76 : Found label after column 1. (DELAY_S)
Warning[207] F:\PROJECTS\PIC\LCD_LIB.X\DISPLAY.INC 36 : Found label after column 1. (DISPLAY_F)
Warning[207] F:\PROJECTS\PIC\LCD_LIB.X\TELA_APP.INC 6 : Found label after column 1. (TELAS_DEF)
Warning[207] F:\PROJECTS\PIC\LCD_LIB.X\TELA_GAME.INC 17 : Found label after column 1. (DESENHA_PEDRA)
Warning[207] F:\PROJECTS\PIC\LCD_LIB.X\MAIN.ASM 11 : Found label after column 1. (ENTRADA)
Warning[207] F:\PROJECTS\PIC\LCD_LIB.X\MAIN.ASM 12 : Found label after column 1. (PONTUACAO)
Warning[207] F:\PROJECTS\PIC\LCD_LIB.X\MAIN.ASM 13 : Found label after column 1. (JOGO_RODANDO)
Warning[207] F:\PROJECTS\PIC\LCD_LIB.X\MAIN.ASM 14 : Found label after column 1. (TIMER_COUNT)
Warning[207] F:\PROJECTS\PIC\LCD_LIB.X\MAIN.ASM 15 : Found label after column 1. (TIMER_MOVE_PEDRA)
Warning[207] F:\PROJECTS\PIC\LCD_LIB.X\LIB.INC 7 : Found label after column 1. (CORNIO_DELAY_FT1)
Warning[207] F:\PROJECTS\PIC\LCD_LIB.X\LIB.INC 8 : Found label after column 1. (CORNIO_DELAY_FT2)
Warning[207] F:\PROJECTS\PIC\LCD_LIB.X\LIB.INC 9 : Found label after column 1. (CORNIO_DELAY_FT3)
Warning[207] F:\PROJECTS\PIC\LCD_LIB.X\LIB.INC 10 : Found label after column 1. (CORNIO_DELAY_FT4)
Warning[207] F:\PROJECTS\PIC\LCD_LIB.X\LCD.INC 27 : Found label after column 1. (LCD_CMD_INPUT)
Warning[207] F:\PROJECTS\PIC\LCD_LIB.X\LCD.INC 28 : Found label after column 1. (LCD_DAT_INPUT)
Warning[207] F:\PROJECTS\PIC\LCD_LIB.X\TELA_GAME.INC 11 : Found label after column 1. (VOANDO)
Warning[207] F:\PROJECTS\PIC\LCD_LIB.X\TELA_GAME.INC 12 : Found label after column 1. (TEMPO_VOANDO)
Warning[207] F:\PROJECTS\PIC\LCD_LIB.X\TELA_GAME.INC 13 : Found label after column 1. (CENA_LINHA_4)
Message[305] F:\PROJECTS\PIC\LCD_LIB.X\MAIN.ASM 33 : Using default destination of 1 (file).
Message[305] F:\PROJECTS\PIC\LCD_LIB.X\MAIN.ASM 38 : Using default destination of 1 (file).
Warning[207] F:\PROJECTS\PIC\LCD_LIB.X\MAIN.ASM 42 : Found label after column 1. (CENA_LINHA_4)
Error[108]   F:\PROJECTS\PIC\LCD_LIB.X\MAIN.ASM 42 : Illegal character (<)
Message[305] F:\PROJECTS\PIC\LCD_LIB.X\MAIN.ASM 47 : Using default destination of 1 (file).
Message[305] F:\PROJECTS\PIC\LCD_LIB.X\MAIN.ASM 56 : Using default destination of 1 (file).
Message[305] F:\PROJECTS\PIC\LCD_LIB.X\MAIN.ASM 65 : Using default destination of 1 (file).
Warning[207] F:\PROJECTS\PIC\LCD_LIB.X\LCD.INC 47 : Found label after column 1. (LCD_ENABLE)
Message[302] F:\PROJECTS\PIC\LCD_LIB.X\LCD.INC 49 : Register in operand not in bank 0.  Ensure that bank bits are correct.
Message[302] F:\PROJECTS\PIC\LCD_LIB.X\LCD.INC 50 : Register in operand not in bank 0.  Ensure that bank bits are correct.
Warning[207] F:\PROJECTS\PIC\LCD_LIB.X\LCD.INC 54 : Found label after column 1. (LCD_CLEAR)
Warning[207] F:\PROJECTS\PIC\LCD_LIB.X\LCD.INC 58 : Found label after column 1. (DEF_LCD_CMD)
Warning[207] F:\PROJECTS\PIC\LCD_LIB.X\LCD.INC 71 : Found label after column 1. (DEF_LCD_DAT)
Warning[207] F:\PROJECTS\PIC\LCD_LIB.X\LCD.INC 84 : Found label after column 1. (LCD_INIT)
Message[302] F:\PROJECTS\PIC\LCD_LIB.X\INPUT.INC 32 : Register in operand not in bank 0.  Ensure that bank bits are correct.
Message[302] F:\PROJECTS\PIC\LCD_LIB.X\INPUT.INC 33 : Register in operand not in bank 0.  Ensure that bank bits are correct.
Message[302] F:\PROJECTS\PIC\LCD_LIB.X\INPUT.INC 35 : Register in operand not in bank 0.  Ensure that bank bits are correct.
Warning[207] F:\PROJECTS\PIC\LCD_LIB.X\INPUT.INC 41 : Found label after column 1. (CORNIO_INPUT_LOOP)
Message[302] F:\PROJECTS\PIC\LCD_LIB.X\INPUT.INC 44 : Register in operand not in bank 0.  Ensure that bank bits are correct.
Message[302] F:\PROJECTS\PIC\LCD_LIB.X\INPUT.INC 45 : Register in operand not in bank 0.  Ensure that bank bits are correct.
Message[302] F:\PROJECTS\PIC\LCD_LIB.X\INPUT.INC 47 : Register in operand not in bank 0.  Ensure that bank bits are correct.
Warning[207] F:\PROJECTS\PIC\LCD_LIB.X\INPUT.INC 51 : Found label after column 1. (CORNIO_INPUT_LOOP_INI)
Message[302] F:\PROJECTS\PIC\LCD_LIB.X\INPUT.INC 56 : Register in operand not in bank 0.  Ensure that bank bits are correct.
Message[302] F:\PROJECTS\PIC\LCD_LIB.X\INPUT.INC 60 : Register in operand not in bank 0.  Ensure that bank bits are correct.
Message[302] F:\PROJECTS\PIC\LCD_LIB.X\INPUT.INC 64 : Register in operand not in bank 0.  Ensure that bank bits are correct.
Message[302] F:\PROJECTS\PIC\LCD_LIB.X\INPUT.INC 68 : Register in operand not in bank 0.  Ensure that bank bits are correct.
Message[302] F:\PROJECTS\PIC\LCD_LIB.X\INPUT.INC 75 : Register in operand not in bank 0.  Ensure that bank bits are correct.
Message[302] F:\PROJECTS\PIC\LCD_LIB.X\INPUT.INC 79 : Register in operand not in bank 0.  Ensure that bank bits are correct.
Message[302] F:\PROJECTS\PIC\LCD_LIB.X\INPUT.INC 83 : Register in operand not in bank 0.  Ensure that bank bits are correct.
Message[302] F:\PROJECTS\PIC\LCD_LIB.X\INPUT.INC 87 : Register in operand not in bank 0.  Ensure that bank bits are correct.
Message[302] F:\PROJECTS\PIC\LCD_LIB.X\INPUT.INC 94 : Register in operand not in bank 0.  Ensure that bank bits are correct.
Message[302] F:\PROJECTS\PIC\LCD_LIB.X\INPUT.INC 98 : Register in operand not in bank 0.  Ensure that bank bits are correct.
Message[302] F:\PROJECTS\PIC\LCD_LIB.X\INPUT.INC 102 : Register in operand not in bank 0.  Ensure that bank bits are correct.
Message[302] F:\PROJECTS\PIC\LCD_LIB.X\INPUT.INC 106 : Register in operand not in bank 0.  Ensure that bank bits are correct.
Message[302] F:\PROJECTS\PIC\LCD_LIB.X\INPUT.INC 118 : Register in operand not in bank 0.  Ensure that bank bits are correct.
Message[302] F:\PROJECTS\PIC\LCD_LIB.X\INPUT.INC 119 : Register in operand not in bank 0.  Ensure that bank bits are correct.
Message[302] F:\PROJECTS\PIC\LCD_LIB.X\INPUT.INC 121 : Register in operand not in bank 0.  Ensure that bank bits are correct.
Message[302] F:\PROJECTS\PIC\LCD_LIB.X\INPUT.INC 130 : Register in operand not in bank 0.  Ensure that bank bits are correct.
Message[302] F:\PROJECTS\PIC\LCD_LIB.X\INPUT.INC 134 : Register in operand not in bank 0.  Ensure that bank bits are correct.
Message[302] F:\PROJECTS\PIC\LCD_LIB.X\INPUT.INC 138 : Register in operand not in bank 0.  Ensure that bank bits are correct.
Message[302] F:\PROJECTS\PIC\LCD_LIB.X\INPUT.INC 142 : Register in operand not in bank 0.  Ensure that bank bits are correct.
Message[302] F:\PROJECTS\PIC\LCD_LIB.X\INPUT.INC 149 : Register in operand not in bank 0.  Ensure that bank bits are correct.
Message[302] F:\PROJECTS\PIC\LCD_LIB.X\INPUT.INC 153 : Register in operand not in bank 0.  Ensure that bank bits are correct.
Message[302] F:\PROJECTS\PIC\LCD_LIB.X\INPUT.INC 157 : Register in operand not in bank 0.  Ensure that bank bits are correct.
Message[302] F:\PROJECTS\PIC\LCD_LIB.X\INPUT.INC 161 : Register in operand not in bank 0.  Ensure that bank bits are correct.
Message[302] F:\PROJECTS\PIC\LCD_LIB.X\INPUT.INC 168 : Register in operand not in bank 0.  Ensure that bank bits are correct.
Message[302] F:\PROJECTS\PIC\LCD_LIB.X\INPUT.INC 172 : Register in operand not in bank 0.  Ensure that bank bits are correct.
Message[302] F:\PROJECTS\PIC\LCD_LIB.X\INPUT.INC 176 : Register in operand not in bank 0.  Ensure that bank bits are correct.
Message[302] F:\PROJECTS\PIC\LCD_LIB.X\INPUT.INC 180 : Register in operand not in bank 0.  Ensure that bank bits are correct.
Warning[207] F:\PROJECTS\PIC\LCD_LIB.X\TELA_APP.INC 7 : Found label after column 1. (TELA_AP)
Warning[207] F:\PROJECTS\PIC\LCD_LIB.X\TELA_APP.INC 84 : Found label after column 1. (TELA_INSTRUCOES)
Warning[207] F:\PROJECTS\PIC\LCD_LIB.X\DISPLAY.INC 46 : Found label after column 1. (ENABLE_DISPLAY)
Message[302] F:\PROJECTS\PIC\LCD_LIB.X\DISPLAY.INC 49 : Register in operand not in bank 0.  Ensure that bank bits are correct.
Message[302] F:\PROJECTS\PIC\LCD_LIB.X\DISPLAY.INC 50 : Register in operand not in bank 0.  Ensure that bank bits are correct.
Message[302] F:\PROJECTS\PIC\LCD_LIB.X\DISPLAY.INC 51 : Register in operand not in bank 0.  Ensure that bank bits are correct.
Warning[207] F:\PROJECTS\PIC\LCD_LIB.X\DISPLAY.INC 57 : Found label after column 1. (CORNIO_DISPLAY_F_DEF)
Warning[207] F:\PROJECTS\PIC\LCD_LIB.X\DISPLAY.INC 80 : Found label after column 1. (CORNIO_DRAW_9)
Warning[207] F:\PROJECTS\PIC\LCD_LIB.X\DISPLAY.INC 83 : Found label after column 1. (CORNIO_DRAW_8)
Warning[207] F:\PROJECTS\PIC\LCD_LIB.X\DISPLAY.INC 86 : Found label after column 1. (CORNIO_DRAW_7)
Warning[207] F:\PROJECTS\PIC\LCD_LIB.X\DISPLAY.INC 89 : Found label after column 1. (CORNIO_DRAW_6)
Warning[207] F:\PROJECTS\PIC\LCD_LIB.X\DISPLAY.INC 92 : Found label after column 1. (CORNIO_DRAW_5)
Warning[207] F:\PROJECTS\PIC\LCD_LIB.X\DISPLAY.INC 95 : Found label after column 1. (CORNIO_DRAW_4)
Warning[207] F:\PROJECTS\PIC\LCD_LIB.X\DISPLAY.INC 98 : Found label after column 1. (CORNIO_DRAW_3)
Warning[207] F:\PROJECTS\PIC\LCD_LIB.X\DISPLAY.INC 101 : Found label after column 1. (CORNIO_DRAW_2)
Warning[207] F:\PROJECTS\PIC\LCD_LIB.X\DISPLAY.INC 104 : Found label after column 1. (CORNIO_DRAW_1)
Warning[207] F:\PROJECTS\PIC\LCD_LIB.X\DISPLAY.INC 107 : Found label after column 1. (CORNIO_DRAW_0)
Warning[207] F:\PROJECTS\PIC\LCD_LIB.X\DISPLAY.INC 110 : Found label after column 1. (CORNIO_DISPLAY_F_DEF_EXIT)
Warning[207] F:\PROJECTS\PIC\LCD_LIB.X\TELA_GAME.INC 34 : Found label after column 1. (PLAYER_ON_3)
Warning[207] F:\PROJECTS\PIC\LCD_LIB.X\TELA_GAME.INC 65 : Found label after column 1. (PLAYER_ON_4)
Message[302] F:\PROJECTS\PIC\LCD_LIB.X\MAIN.ASM 81 : Register in operand not in bank 0.  Ensure that bank bits are correct.
Message[302] F:\PROJECTS\PIC\LCD_LIB.X\MAIN.ASM 82 : Register in operand not in bank 0.  Ensure that bank bits are correct.
Message[302] F:\PROJECTS\PIC\LCD_LIB.X\MAIN.ASM 83 : Register in operand not in bank 0.  Ensure that bank bits are correct.
Message[302] F:\PROJECTS\PIC\LCD_LIB.X\MAIN.ASM 84 : Register in operand not in bank 0.  Ensure that bank bits are correct.
Message[302] F:\PROJECTS\PIC\LCD_LIB.X\MAIN.ASM 85 : Register in operand not in bank 0.  Ensure that bank bits are correct.
Message[302] F:\PROJECTS\PIC\LCD_LIB.X\MAIN.ASM 87 : Register in operand not in bank 0.  Ensure that bank bits are correct.
